#
# There is insufficient memory for the Java Runtime Environment to continue.
# Native memory allocation (malloc) failed to allocate 1352496 bytes for Chunk::new
# Possible reasons:
#   The system is out of physical RAM or swap space
#   In 32 bit mode, the process size limit was hit
# Possible solutions:
#   Reduce memory load on the system
#   Increase physical memory or swap space
#   Check if swap backing store is full
#   Use 64 bit Java on a 64 bit OS
#   Decrease Java heap size (-Xmx/-Xms)
#   Decrease number of Java threads
#   Decrease Java thread stack sizes (-Xss)
#   Set larger code cache with -XX:ReservedCodeCacheSize=
# This output file may be truncated or incomplete.
#
#  Out of Memory Error (allocation.cpp:390), pid=12484, tid=0x00000000000031f4
#
# JRE version: Java(TM) SE Runtime Environment (8.0_141-b15) (build 1.8.0_141-b15)
# Java VM: Java HotSpot(TM) 64-Bit Server VM (25.141-b15 mixed mode windows-amd64 compressed oops)
# Failed to write core dump. Minidumps are not enabled by default on client versions of Windows
#

---------------  T H R E A D  ---------------

Current thread (0x000000001e993000):  JavaThread "C2 CompilerThread1" daemon [_thread_in_native, id=12788, stack(0x000000001ec50000,0x000000001ed50000)]

Stack: [0x000000001ec50000,0x000000001ed50000]
[error occurred during error reporting (printing stack bounds), id 0xc0000005]

Native frames: (J=compiled Java code, j=interpreted, Vv=VM code, C=native code)


Current CompileTask:
C2:  36390 3924 % !   4       org.apache.hadoop.conf.Configuration::loadResource @ 585 (1177 bytes)


---------------  P R O C E S S  ---------------

Java Threads: ( => current thread )
  0x000000001fefd000 JavaThread "Executor task launch worker for task 22-EventThread" daemon [_thread_blocked, id=7468, stack(0x000000002aa90000,0x000000002ab90000)]
  0x000000001fefc000 JavaThread "Executor task launch worker for task 22-SendThread(hadoop222:2181)" daemon [_thread_in_native, id=11468, stack(0x000000002a990000,0x000000002aa90000)]
  0x000000001fefa000 JavaThread "QueryLogger-thread-0" daemon [_thread_blocked, id=13244, stack(0x000000002a690000,0x000000002a790000)]
  0x000000001fefd800 JavaThread "task-result-getter-3" daemon [_thread_blocked, id=13188, stack(0x000000002a390000,0x000000002a490000)]
  0x000000001fef9000 JavaThread "task-result-getter-2" daemon [_thread_blocked, id=13184, stack(0x000000002a290000,0x000000002a390000)]
  0x000000001fefb800 JavaThread "block-manager-ask-thread-pool-1" daemon [_thread_blocked, id=13180, stack(0x000000002a190000,0x000000002a290000)]
  0x000000001fefa800 JavaThread "block-manager-slave-async-thread-pool-2" daemon [_thread_blocked, id=13176, stack(0x000000002a090000,0x000000002a190000)]
  0x000000001fef1000 JavaThread "block-manager-slave-async-thread-pool-1" daemon [_thread_blocked, id=13172, stack(0x0000000029f90000,0x000000002a090000)]
  0x000000001fef4000 JavaThread "block-manager-slave-async-thread-pool-0" daemon [_thread_blocked, id=13168, stack(0x0000000029c90000,0x0000000029d90000)]
  0x000000001fef3000 JavaThread "block-manager-ask-thread-pool-0" daemon [_thread_blocked, id=13164, stack(0x0000000029b90000,0x0000000029c90000)]
  0x000000001fef6000 JavaThread "commons-pool-evictor-thread" daemon [_thread_blocked, id=13160, stack(0x0000000029a90000,0x0000000029b90000)]
  0x000000001fef7800 JavaThread "Executor task launch worker for task 22" daemon [_thread_in_Java, id=13156, stack(0x0000000029890000,0x0000000029990000)]
  0x000000001fef7000 JavaThread "Executor task launch worker for task 25" daemon [_thread_blocked, id=13152, stack(0x0000000029790000,0x0000000029890000)]
  0x000000001fef2800 JavaThread "task-result-getter-1" daemon [_thread_blocked, id=13148, stack(0x0000000029690000,0x0000000029790000)]
  0x000000001fef4800 JavaThread "task-result-getter-0" daemon [_thread_blocked, id=13144, stack(0x0000000029590000,0x0000000029690000)]
  0x000000001fef5800 JavaThread "Executor task launch worker for task 23" daemon [_thread_blocked, id=13140, stack(0x0000000029490000,0x0000000029590000)]
  0x000000001fcb7000 JavaThread "Executor task launch worker for task 24" daemon [_thread_blocked, id=13136, stack(0x0000000029390000,0x0000000029490000)]
  0x000000001fcb2800 JavaThread "streaming-job-executor-0" daemon [_thread_blocked, id=13132, stack(0x0000000028080000,0x0000000028180000)]
  0x000000001fcb5000 JavaThread "metrics-meter-tick-thread-2" daemon [_thread_blocked, id=13124, stack(0x0000000027d80000,0x0000000027e80000)]
  0x000000001fcb4000 JavaThread "RecurringTimer - JobGenerator" daemon [_thread_blocked, id=13072, stack(0x0000000027c80000,0x0000000027d80000)]
  0x000000001fcb8000 JavaThread "ForkJoinPool-1-worker-5" daemon [_thread_blocked, id=13068, stack(0x0000000027b80000,0x0000000027c80000)]
  0x000000001fcb8800 JavaThread "JobGenerator" daemon [_thread_blocked, id=13064, stack(0x0000000027a80000,0x0000000027b80000)]
  0x000000001fcb5800 JavaThread "JobScheduler" daemon [_thread_blocked, id=13060, stack(0x0000000027980000,0x0000000027a80000)]
  0x000000001fcb6800 JavaThread "metrics-meter-tick-thread-1" daemon [_thread_blocked, id=13048, stack(0x00000000263b0000,0x00000000264b0000)]
  0x000000001fcb3800 JavaThread "SparkListenerBus" daemon [_thread_blocked, id=13044, stack(0x00000000250e0000,0x00000000251e0000)]
  0x000000001fcac800 JavaThread "context-cleaner-periodic-gc" daemon [_thread_blocked, id=13040, stack(0x0000000024fe0000,0x00000000250e0000)]
  0x000000001fcab000 JavaThread "Spark Context Cleaner" daemon [_thread_blocked, id=13036, stack(0x0000000024ee0000,0x0000000024fe0000)]
  0x000000001fcb1000 JavaThread "shuffle-server-5-1" daemon [_thread_in_native, id=12968, stack(0x0000000023c10000,0x0000000023d10000)]
  0x000000001fcb0000 JavaThread "driver-heartbeater" daemon [_thread_blocked, id=12964, stack(0x0000000023b10000,0x0000000023c10000)]
  0x000000001fcaf800 JavaThread "dag-scheduler-event-loop" daemon [_thread_blocked, id=12960, stack(0x0000000023a10000,0x0000000023b10000)]
  0x000000001fcab800 JavaThread "netty-rpc-env-timeout" daemon [_thread_blocked, id=12956, stack(0x0000000023910000,0x0000000023a10000)]
  0x000000001fcae800 JavaThread "Timer-0" daemon [_thread_blocked, id=12952, stack(0x0000000023810000,0x0000000023910000)]
  0x000000001fcae000 JavaThread "heartbeat-receiver-event-loop-thread" daemon [_thread_blocked, id=12948, stack(0x0000000023710000,0x0000000023810000)]
  0x000000001fcad000 JavaThread "SparkUI-36" daemon [_thread_blocked, id=12944, stack(0x0000000023410000,0x0000000023510000)]
  0x000000001fcb2000 JavaThread "SparkUI-35" daemon [_thread_blocked, id=12940, stack(0x0000000023310000,0x0000000023410000)]
  0x000000001fcaa000 JavaThread "SparkUI-34" daemon [_thread_blocked, id=12936, stack(0x0000000023110000,0x0000000023210000)]
  0x000000001fd4f800 JavaThread "SparkUI-33" daemon [_thread_blocked, id=12932, stack(0x0000000023010000,0x0000000023110000)]
  0x000000001fd4e000 JavaThread "SparkUI-32" daemon [_thread_blocked, id=12928, stack(0x0000000022f10000,0x0000000023010000)]
  0x000000001fd54000 JavaThread "SparkUI-31-acceptor-0@5725def6-Spark@59e22a62{HTTP/1.1}{0.0.0.0:4040}" daemon [_thread_in_native, id=12924, stack(0x0000000022e10000,0x0000000022f10000)]
  0x000000001fd4e800 JavaThread "SparkUI-30-selector-ServerConnectorManager@635c5e5d/1" daemon [_thread_in_native, id=12920, stack(0x0000000022d10000,0x0000000022e10000)]
  0x000000001fd4d000 JavaThread "SparkUI-29-selector-ServerConnectorManager@635c5e5d/0" daemon [_thread_in_native, id=12916, stack(0x0000000022c10000,0x0000000022d10000)]
  0x000000001fd53800 JavaThread "refresh progress" daemon [_thread_blocked, id=12908, stack(0x0000000022b10000,0x0000000022c10000)]
  0x000000001fd52800 JavaThread "map-output-dispatcher-7" daemon [_thread_blocked, id=12904, stack(0x0000000022710000,0x0000000022810000)]
  0x000000001fd52000 JavaThread "map-output-dispatcher-6" daemon [_thread_blocked, id=12900, stack(0x0000000022610000,0x0000000022710000)]
  0x000000001fd50000 JavaThread "map-output-dispatcher-5" daemon [_thread_blocked, id=12896, stack(0x0000000022510000,0x0000000022610000)]
  0x000000001fd51000 JavaThread "map-output-dispatcher-4" daemon [_thread_blocked, id=12892, stack(0x0000000022410000,0x0000000022510000)]
  0x000000001f84f000 JavaThread "map-output-dispatcher-3" daemon [_thread_blocked, id=12888, stack(0x0000000022310000,0x0000000022410000)]
  0x000000001f853800 JavaThread "map-output-dispatcher-2" daemon [_thread_blocked, id=12884, stack(0x0000000022210000,0x0000000022310000)]
  0x000000001f853000 JavaThread "map-output-dispatcher-1" daemon [_thread_blocked, id=12880, stack(0x0000000022110000,0x0000000022210000)]
  0x000000001f852000 JavaThread "map-output-dispatcher-0" daemon [_thread_blocked, id=12876, stack(0x0000000022010000,0x0000000022110000)]
  0x000000001f204800 JavaThread "rpc-server-3-1" daemon [_thread_in_native, id=12872, stack(0x0000000021f10000,0x0000000022010000)]
  0x000000001fb38000 JavaThread "dispatcher-event-loop-3" daemon [_thread_blocked, id=12868, stack(0x0000000020a40000,0x0000000020b40000)]
  0x000000001fb35000 JavaThread "dispatcher-event-loop-2" daemon [_thread_blocked, id=12864, stack(0x0000000020940000,0x0000000020a40000)]
  0x000000001fb34800 JavaThread "dispatcher-event-loop-1" daemon [_thread_blocked, id=12860, stack(0x0000000020840000,0x0000000020940000)]
  0x000000001fa21800 JavaThread "dispatcher-event-loop-0" daemon [_thread_blocked, id=12856, stack(0x0000000020740000,0x0000000020840000)]
  0x000000001ea11000 JavaThread "Service Thread" daemon [_thread_blocked, id=12796, stack(0x000000001ee50000,0x000000001ef50000)]
  0x000000001e996800 JavaThread "C1 CompilerThread2" daemon [_thread_blocked, id=12792, stack(0x000000001ed50000,0x000000001ee50000)]
=>0x000000001e993000 JavaThread "C2 CompilerThread1" daemon [_thread_in_native, id=12788, stack(0x000000001ec50000,0x000000001ed50000)]
  0x000000001e992800 JavaThread "C2 CompilerThread0" daemon [_thread_in_native, id=12784, stack(0x000000001eb50000,0x000000001ec50000)]
  0x000000001e91d800 JavaThread "Monitor Ctrl-Break" daemon [_thread_in_native, id=12780, stack(0x000000001ea50000,0x000000001eb50000)]
  0x000000001c8ba000 JavaThread "Attach Listener" daemon [_thread_blocked, id=12708, stack(0x000000001e150000,0x000000001e250000)]
  0x000000001c8a9000 JavaThread "Signal Dispatcher" daemon [_thread_blocked, id=12704, stack(0x000000001e050000,0x000000001e150000)]
  0x00000000030fe000 JavaThread "Finalizer" daemon [_thread_blocked, id=12576, stack(0x000000001daf0000,0x000000001dbf0000)]
  0x00000000030fa800 JavaThread "Reference Handler" daemon [_thread_blocked, id=12572, stack(0x000000001d9f0000,0x000000001daf0000)]
  0x0000000003003800 JavaThread "main" [_thread_blocked, id=12548, stack(0x0000000002f00000,0x0000000003000000)]

Other Threads:
  0x000000001c857800 VMThread [stack: 0x000000001d8f0000,0x000000001d9f0000] [id=12568]
  0x000000001f002800 WatcherThread [stack: 0x000000001ff20000,0x0000000020020000] [id=12800]

VM state:not at safepoint (normal execution)

VM Mutex/Monitor currently owned by a thread: None

Heap:
 PSYoungGen      total 195584K, used 107055K [0x000000076b400000, 0x0000000778000000, 0x00000007c0000000)
  eden space 187392K, 52% used [0x000000076b400000,0x00000007714cfaf0,0x0000000776b00000)
  from space 8192K, 96% used [0x0000000777800000,0x0000000777fbc330,0x0000000778000000)
  to   space 9728K, 0% used [0x0000000776d00000,0x0000000776d00000,0x0000000777680000)
 ParOldGen       total 86528K, used 8115K [0x00000006c1c00000, 0x00000006c7080000, 0x000000076b400000)
  object space 86528K, 9% used [0x00000006c1c00000,0x00000006c23ecd20,0x00000006c7080000)
 Metaspace       used 46222K, capacity 46756K, committed 47064K, reserved 1089536K
  class space    used 6671K, capacity 6817K, committed 6912K, reserved 1048576K

Card table byte_map: [0x0000000012680000,0x0000000012e80000] byte_map_base: 0x000000000f072000

Marking Bits: (ParMarkBitMap*) 0x000000005225d850
 Begin Bits: [0x00000000137d0000, 0x0000000017760000)
 End Bits:   [0x0000000017760000, 0x000000001b6f0000)

Polling page: 0x0000000002860000

CodeCache: size=245760Kb used=10753Kb max_used=10780Kb free=235006Kb
 bounds [0x00000000032c0000, 0x0000000003d70000, 0x00000000122c0000]
 total_blobs=4099 nmethods=3486 adapters=524
 compilation: enabled

Compilation events (10 events):
Event: 36.359 Thread 0x000000001e996800 nmethod 3935 0x00000000036f5090 code [0x00000000036f5240, 0x00000000036f59b8]
Event: 36.365 Thread 0x000000001e996800 3939       2       java.lang.String::regionMatches (149 bytes)
Event: 36.366 Thread 0x000000001e996800 nmethod 3939 0x0000000003b4c790 code [0x0000000003b4c980, 0x0000000003b4ceb8]
Event: 36.371 Thread 0x000000001e996800 3940   !   2       java.net.URL::<init> (543 bytes)
Event: 36.373 Thread 0x000000001e996800 nmethod 3940 0x0000000003a07310 code [0x0000000003a07680, 0x0000000003a08ab8]
Event: 36.375 Thread 0x000000001e996800 3941       3       org.apache.xerces.impl.XMLEntityScanner::reset (21 bytes)
Event: 36.376 Thread 0x000000001e996800 nmethod 3941 0x0000000003b4c410 code [0x0000000003b4c560, 0x0000000003b4c710]
Event: 36.386 Thread 0x000000001e996800 3942       2       java.lang.String::toLowerCase (439 bytes)
Event: 36.388 Thread 0x000000001e996800 nmethod 3942 0x0000000003b4aa10 code [0x0000000003b4ac80, 0x0000000003b4b878]
Event: 36.388 Thread 0x000000001e996800 3943       3       org.apache.xerces.impl.dtd.XMLDTDValidator::comment (103 bytes)

GC Heap History (10 events):
Event: 17.028 GC heap before
{Heap before GC invocations=8 (full 1):
 PSYoungGen      total 138240K, used 136211K [0x000000076b400000, 0x0000000774480000, 0x00000007c0000000)
  eden space 129536K, 100% used [0x000000076b400000,0x0000000773280000,0x0000000773280000)
  from space 8704K, 76% used [0x0000000773c00000,0x0000000774284e00,0x0000000774480000)
  to   space 9216K, 0% used [0x0000000773280000,0x0000000773280000,0x0000000773b80000)
 ParOldGen       total 71168K, used 4386K [0x00000006c1c00000, 0x00000006c6180000, 0x000000076b400000)
  object space 71168K, 6% used [0x00000006c1c00000,0x00000006c2048948,0x00000006c6180000)
 Metaspace       used 34666K, capacity 34970K, committed 35416K, reserved 1079296K
  class space    used 5020K, capacity 5133K, committed 5248K, reserved 1048576K
Event: 17.108 GC heap after
Heap after GC invocations=8 (full 1):
 PSYoungGen      total 138752K, used 8373K [0x000000076b400000, 0x0000000774480000, 0x00000007c0000000)
  eden space 129536K, 0% used [0x000000076b400000,0x000000076b400000,0x0000000773280000)
  from space 9216K, 90% used [0x0000000773280000,0x0000000773aad510,0x0000000773b80000)
  to   space 8704K, 0% used [0x0000000773c00000,0x0000000773c00000,0x0000000774480000)
 ParOldGen       total 71168K, used 4394K [0x00000006c1c00000, 0x00000006c6180000, 0x000000076b400000)
  object space 71168K, 6% used [0x00000006c1c00000,0x00000006c204a948,0x00000006c6180000)
 Metaspace       used 34666K, capacity 34970K, committed 35416K, reserved 1079296K
  class space    used 5020K, capacity 5133K, committed 5248K, reserved 1048576K
}
Event: 17.184 GC heap before
{Heap before GC invocations=9 (full 1):
 PSYoungGen      total 138752K, used 10224K [0x000000076b400000, 0x0000000774480000, 0x00000007c0000000)
  eden space 129536K, 1% used [0x000000076b400000,0x000000076b5ced00,0x0000000773280000)
  from space 9216K, 90% used [0x0000000773280000,0x0000000773aad510,0x0000000773b80000)
  to   space 8704K, 0% used [0x0000000773c00000,0x0000000773c00000,0x0000000774480000)
 ParOldGen       total 71168K, used 4394K [0x00000006c1c00000, 0x00000006c6180000, 0x000000076b400000)
  object space 71168K, 6% used [0x00000006c1c00000,0x00000006c204a948,0x00000006c6180000)
 Metaspace       used 34881K, capacity 35098K, committed 35416K, reserved 1079296K
  class space    used 5043K, capacity 5133K, committed 5248K, reserved 1048576K
Event: 17.188 GC heap after
Heap after GC invocations=9 (full 1):
 PSYoungGen      total 138240K, used 4070K [0x000000076b400000, 0x0000000774480000, 0x00000007c0000000)
  eden space 129536K, 0% used [0x000000076b400000,0x000000076b400000,0x0000000773280000)
  from space 8704K, 46% used [0x0000000773c00000,0x0000000773ff98c0,0x0000000774480000)
  to   space 9216K, 0% used [0x0000000773280000,0x0000000773280000,0x0000000773b80000)
 ParOldGen       total 71168K, used 4402K [0x00000006c1c00000, 0x00000006c6180000, 0x000000076b400000)
  object space 71168K, 6% used [0x00000006c1c00000,0x00000006c204c948,0x00000006c6180000)
 Metaspace       used 34881K, capacity 35098K, committed 35416K, reserved 1079296K
  class space    used 5043K, capacity 5133K, committed 5248K, reserved 1048576K
}
Event: 17.188 GC heap before
{Heap before GC invocations=10 (full 2):
 PSYoungGen      total 138240K, used 4070K [0x000000076b400000, 0x0000000774480000, 0x00000007c0000000)
  eden space 129536K, 0% used [0x000000076b400000,0x000000076b400000,0x0000000773280000)
  from space 8704K, 46% used [0x0000000773c00000,0x0000000773ff98c0,0x0000000774480000)
  to   space 9216K, 0% used [0x0000000773280000,0x0000000773280000,0x0000000773b80000)
 ParOldGen       total 71168K, used 4402K [0x00000006c1c00000, 0x00000006c6180000, 0x000000076b400000)
  object space 71168K, 6% used [0x00000006c1c00000,0x00000006c204c948,0x00000006c6180000)
 Metaspace       used 34881K, capacity 35098K, committed 35416K, reserved 1079296K
  class space    used 5043K, capacity 5133K, committed 5248K, reserved 1048576K
Event: 17.358 GC heap after
Heap after GC invocations=10 (full 2):
 PSYoungGen      total 138240K, used 0K [0x000000076b400000, 0x0000000774480000, 0x00000007c0000000)
  eden space 129536K, 0% used [0x000000076b400000,0x000000076b400000,0x0000000773280000)
  from space 8704K, 0% used [0x0000000773c00000,0x0000000773c00000,0x0000000774480000)
  to   space 9216K, 0% used [0x0000000773280000,0x0000000773280000,0x0000000773b80000)
 ParOldGen       total 86528K, used 8107K [0x00000006c1c00000, 0x00000006c7080000, 0x000000076b400000)
  object space 86528K, 9% used [0x00000006c1c00000,0x00000006c23ead20,0x00000006c7080000)
 Metaspace       used 34858K, capacity 35062K, committed 35416K, reserved 1079296K
  class space    used 5040K, capacity 5127K, committed 5248K, reserved 1048576K
}
Event: 22.761 GC heap before
{Heap before GC invocations=11 (full 2):
 PSYoungGen      total 138240K, used 129536K [0x000000076b400000, 0x0000000774480000, 0x00000007c0000000)
  eden space 129536K, 100% used [0x000000076b400000,0x0000000773280000,0x0000000773280000)
  from space 8704K, 0% used [0x0000000773c00000,0x0000000773c00000,0x0000000774480000)
  to   space 9216K, 0% used [0x0000000773280000,0x0000000773280000,0x0000000773b80000)
 ParOldGen       total 86528K, used 8107K [0x00000006c1c00000, 0x00000006c7080000, 0x000000076b400000)
  object space 86528K, 9% used [0x00000006c1c00000,0x00000006c23ead20,0x00000006c7080000)
 Metaspace       used 39960K, capacity 40332K, committed 40664K, reserved 1083392K
  class space    used 5910K, capacity 6029K, committed 6144K, reserved 1048576K
Event: 22.768 GC heap after
Heap after GC invocations=11 (full 2):
 PSYoungGen      total 138752K, used 5895K [0x000000076b400000, 0x0000000778180000, 0x00000007c0000000)
  eden space 129536K, 0% used [0x000000076b400000,0x000000076b400000,0x0000000773280000)
  from space 9216K, 63% used [0x0000000773280000,0x0000000773841d88,0x0000000773b80000)
  to   space 9728K, 0% used [0x0000000777800000,0x0000000777800000,0x0000000778180000)
 ParOldGen       total 86528K, used 8115K [0x00000006c1c00000, 0x00000006c7080000, 0x000000076b400000)
  object space 86528K, 9% used [0x00000006c1c00000,0x00000006c23ecd20,0x00000006c7080000)
 Metaspace       used 39960K, capacity 40332K, committed 40664K, reserved 1083392K
  class space    used 5910K, capacity 6029K, committed 6144K, reserved 1048576K
}
Event: 24.706 GC heap before
{Heap before GC invocations=12 (full 2):
 PSYoungGen      total 138752K, used 135431K [0x000000076b400000, 0x0000000778180000, 0x00000007c0000000)
  eden space 129536K, 100% used [0x000000076b400000,0x0000000773280000,0x0000000773280000)
  from space 9216K, 63% used [0x0000000773280000,0x0000000773841d88,0x0000000773b80000)
  to   space 9728K, 0% used [0x0000000777800000,0x0000000777800000,0x0000000778180000)
 ParOldGen       total 86528K, used 8115K [0x00000006c1c00000, 0x00000006c7080000, 0x000000076b400000)
  object space 86528K, 9% used [0x00000006c1c00000,0x00000006c23ecd20,0x00000006c7080000)
 Metaspace       used 42431K, capacity 42980K, committed 43224K, reserved 1085440K
  class space    used 6214K, capacity 6369K, committed 6400K, reserved 1048576K
Event: 24.727 GC heap after
Heap after GC invocations=12 (full 2):
 PSYoungGen      total 195584K, used 7920K [0x000000076b400000, 0x0000000778000000, 0x00000007c0000000)
  eden space 187392K, 0% used [0x000000076b400000,0x000000076b400000,0x0000000776b00000)
  from space 8192K, 96% used [0x0000000777800000,0x0000000777fbc330,0x0000000778000000)
  to   space 9728K, 0% used [0x0000000776d00000,0x0000000776d00000,0x0000000777680000)
 ParOldGen       total 86528K, used 8115K [0x00000006c1c00000, 0x00000006c7080000, 0x000000076b400000)
  object space 86528K, 9% used [0x00000006c1c00000,0x00000006c23ecd20,0x00000006c7080000)
 Metaspace       used 42431K, capacity 42980K, committed 43224K, reserved 1085440K
  class space    used 6214K, capacity 6369K, committed 6400K, reserved 1048576K
}

Deoptimization events (10 events):
Event: 25.000 Thread 0x000000001fcb7000 Uncommon trap: reason=class_check action=maybe_recompile pc=0x000000000380d918 method=com.google.common.base.Equivalence$Equals.doHash(Ljava/lang/Object;)I @ 1
Event: 25.000 Thread 0x000000001fef5800 Uncommon trap: reason=class_check action=maybe_recompile pc=0x000000000380d918 method=com.google.common.base.Equivalence$Equals.doHash(Ljava/lang/Object;)I @ 1
Event: 25.745 Thread 0x000000001fef7800 Uncommon trap: reason=unstable_if action=reinterpret pc=0x0000000003472dac method=java.util.regex.Pattern.newSlice([IIZ)Ljava/util/regex/Pattern$Node; @ 10
Event: 36.092 Thread 0x000000001fefd000 Uncommon trap: reason=unstable_if action=reinterpret pc=0x000000000347f648 method=java.lang.AbstractStringBuilder.append(Ljava/lang/String;)Ljava/lang/AbstractStringBuilder; @ 1
Event: 36.230 Thread 0x000000001fef7800 Uncommon trap: reason=unstable_if action=reinterpret pc=0x0000000003723264 method=java.io.WinNTFileSystem.normalize(Ljava/lang/String;)Ljava/lang/String; @ 49
Event: 36.232 Thread 0x000000001fef7800 Uncommon trap: reason=bimorphic action=maybe_recompile pc=0x000000000395b004 method=java.util.regex.Pattern$Begin.match(Ljava/util/regex/Matcher;ILjava/lang/CharSequence;)Z @ 30
Event: 36.233 Thread 0x000000001fef7800 Uncommon trap: reason=bimorphic action=maybe_recompile pc=0x000000000395b004 method=java.util.regex.Pattern$Begin.match(Ljava/util/regex/Matcher;ILjava/lang/CharSequence;)Z @ 30
Event: 36.233 Thread 0x000000001fef7800 Uncommon trap: reason=bimorphic action=maybe_recompile pc=0x000000000395b004 method=java.util.regex.Pattern$Begin.match(Ljava/util/regex/Matcher;ILjava/lang/CharSequence;)Z @ 30
Event: 36.324 Thread 0x000000001fef7800 Uncommon trap: reason=bimorphic action=maybe_recompile pc=0x000000000395b004 method=java.util.regex.Pattern$Begin.match(Ljava/util/regex/Matcher;ILjava/lang/CharSequence;)Z @ 30
Event: 36.324 Thread 0x000000001fef7800 Uncommon trap: reason=unstable_if action=reinterpret pc=0x00000000033d6b80 method=java.lang.CharacterData.of(I)Ljava/lang/CharacterData; @ 4

Internal exceptions (10 events):
Event: 22.905 Thread 0x000000001fb34800 Exception <a 'java/lang/NoSuchMethodError': <clinit>> (0x000000076cfff708) thrown at [C:\re\workspace\8-2-build-windows-amd64-cygwin\jdk8u141\9370\hotspot\src\share\vm\prims\jni.cpp, line 1613]
Event: 23.044 Thread 0x000000001fcaf800 Exception <a 'java/lang/NoSuchMethodError': <clinit>> (0x000000076d4afd20) thrown at [C:\re\workspace\8-2-build-windows-amd64-cygwin\jdk8u141\9370\hotspot\src\share\vm\prims\jni.cpp, line 1613]
Event: 24.268 Thread 0x000000001fcb2800 Exception <a 'java/lang/NoSuchMethodError': <clinit>> (0x0000000770845a18) thrown at [C:\re\workspace\8-2-build-windows-amd64-cygwin\jdk8u141\9370\hotspot\src\share\vm\prims\jni.cpp, line 1613]
Event: 24.270 Thread 0x000000001fcb2800 Exception <a 'java/lang/NoSuchMethodError': <clinit>> (0x000000077089d1f0) thrown at [C:\re\workspace\8-2-build-windows-amd64-cygwin\jdk8u141\9370\hotspot\src\share\vm\prims\jni.cpp, line 1613]
Event: 24.271 Thread 0x000000001fcb2800 Exception <a 'java/lang/NoSuchMethodError': <clinit>> (0x00000007708b5928) thrown at [C:\re\workspace\8-2-build-windows-amd64-cygwin\jdk8u141\9370\hotspot\src\share\vm\prims\jni.cpp, line 1613]
Event: 24.271 Thread 0x000000001fcb2800 Exception <a 'java/lang/NoSuchMethodError': <clinit>> (0x00000007708b7890) thrown at [C:\re\workspace\8-2-build-windows-amd64-cygwin\jdk8u141\9370\hotspot\src\share\vm\prims\jni.cpp, line 1613]
Event: 24.272 Thread 0x000000001fcb2800 Exception <a 'java/lang/NoSuchMethodError': <clinit>> (0x00000007708ce740) thrown at [C:\re\workspace\8-2-build-windows-amd64-cygwin\jdk8u141\9370\hotspot\src\share\vm\prims\jni.cpp, line 1613]
Event: 24.808 Thread 0x000000001fef5800 Implicit null exception at 0x0000000003521716 to 0x0000000003521ac1
Event: 36.009 Thread 0x000000001fef7800 Exception <a 'java/lang/ClassCastException': org.apache.commons.logging.impl.SLF4JLogFactory cannot be cast to org.apache.htrace.commons.logging.LogFactory> (0x00000007701ffe38) thrown at [C:\re\workspace\8-2-build-windows-amd64-cygwin\jdk8u141\9370\hotsp
Event: 36.092 Thread 0x000000001fefd000 Implicit null exception at 0x000000000347f217 to 0x000000000347f631

Events (10 events):
Event: 36.336 loading class org/apache/hadoop/fs/ftp/FTPException
Event: 36.336 loading class org/apache/hadoop/fs/ftp/FTPException done
Event: 36.336 loading class org/apache/hadoop/fs/ftp/FTPInputStream
Event: 36.336 loading class org/apache/hadoop/fs/ftp/FTPInputStream done
Event: 36.338 loading class org/apache/hadoop/fs/HarFileSystem
Event: 36.338 loading class org/apache/hadoop/fs/HarFileSystem done
Event: 36.339 loading class org/apache/hadoop/fs/HarFileSystem$HarFSDataInputStream
Event: 36.339 loading class org/apache/hadoop/fs/HarFileSystem$HarFSDataInputStream done
Event: 36.384 Thread 0x000000001fef7800 DEOPT PACKING pc=0x0000000003ca1738 sp=0x000000002998c7f0
Event: 36.384 Thread 0x000000001fef7800 DEOPT UNPACKING pc=0x000000000330787f sp=0x000000002998c718 mode 0


Dynamic libraries:
0x00007ff723830000 - 0x00007ff723867000 	D:\ProgramFiles\Java\jdk1.8.0_141\bin\java.exe
0x00007ffcf6700000 - 0x00007ffcf68f0000 	C:\WINDOWS\SYSTEM32\ntdll.dll
0x00007ffcf5ff0000 - 0x00007ffcf60a2000 	C:\WINDOWS\System32\KERNEL32.DLL
0x00007ffcf3690000 - 0x00007ffcf3933000 	C:\WINDOWS\System32\KERNELBASE.dll
0x00007ffcf0b60000 - 0x00007ffcf0bef000 	C:\WINDOWS\SYSTEM32\apphelp.dll
0x00007ffcc5720000 - 0x00007ffcc5bb2000 	C:\WINDOWS\SYSTEM32\AcLayers.DLL
0x00007ffcf4830000 - 0x00007ffcf48ce000 	C:\WINDOWS\System32\msvcrt.dll
0x00007ffcf60b0000 - 0x00007ffcf6244000 	C:\WINDOWS\System32\USER32.dll
0x00007ffcf4400000 - 0x00007ffcf4421000 	C:\WINDOWS\System32\win32u.dll
0x00007ffcf4a10000 - 0x00007ffcf4a36000 	C:\WINDOWS\System32\GDI32.dll
0x00007ffcf45f0000 - 0x00007ffcf4784000 	C:\WINDOWS\System32\gdi32full.dll
0x00007ffcf3a40000 - 0x00007ffcf3ade000 	C:\WINDOWS\System32\msvcp_win.dll
0x00007ffcf3940000 - 0x00007ffcf3a3a000 	C:\WINDOWS\System32\ucrtbase.dll
0x00007ffcf64f0000 - 0x00007ffcf6542000 	C:\WINDOWS\System32\SHLWAPI.dll
0x00007ffcf5140000 - 0x00007ffcf5476000 	C:\WINDOWS\System32\combase.dll
0x00007ffcf5650000 - 0x00007ffcf5770000 	C:\WINDOWS\System32\RPCRT4.dll
0x00007ffcf4570000 - 0x00007ffcf45f0000 	C:\WINDOWS\System32\bcryptPrimitives.dll
0x00007ffcf5480000 - 0x00007ffcf5523000 	C:\WINDOWS\System32\ADVAPI32.dll
0x00007ffcf5540000 - 0x00007ffcf55d7000 	C:\WINDOWS\System32\sechost.dll
0x00000000009d0000 - 0x00000000009d3000 	C:\WINDOWS\SYSTEM32\sfc.dll
0x00007ffced0b0000 - 0x00007ffced139000 	C:\WINDOWS\SYSTEM32\WINSPOOL.DRV
0x00007ffcf3600000 - 0x00007ffcf3611000 	C:\WINDOWS\System32\kernel.appcore.dll
0x00007ffcf4430000 - 0x00007ffcf4456000 	C:\WINDOWS\System32\bcrypt.dll
0x00007ffcf1280000 - 0x00007ffcf136f000 	C:\WINDOWS\SYSTEM32\PROPSYS.dll
0x00007ffcf5ec0000 - 0x00007ffcf5f84000 	C:\WINDOWS\System32\OLEAUT32.dll
0x00007ffcf6600000 - 0x00007ffcf66a9000 	C:\WINDOWS\System32\shcore.dll
0x00007ffcf2b50000 - 0x00007ffcf2b8a000 	C:\WINDOWS\SYSTEM32\IPHLPAPI.DLL
0x00007ffccac20000 - 0x00007ffccac31000 	C:\WINDOWS\SYSTEM32\sfc_os.DLL
0x00007ffccb950000 - 0x00007ffccb9ad000 	C:\WINDOWS\SYSTEM32\AcGenral.DLL
0x00007ffcf4f60000 - 0x00007ffcf50b6000 	C:\WINDOWS\System32\ole32.dll
0x00007ffcf5770000 - 0x00007ffcf5e55000 	C:\WINDOWS\System32\SHELL32.dll
0x00007ffcf3ae0000 - 0x00007ffcf3b2a000 	C:\WINDOWS\System32\cfgmgr32.dll
0x00007ffcf3c80000 - 0x00007ffcf43ff000 	C:\WINDOWS\System32\windows.storage.dll
0x00007ffcf3620000 - 0x00007ffcf363f000 	C:\WINDOWS\System32\profapi.dll
0x00007ffcf3640000 - 0x00007ffcf368a000 	C:\WINDOWS\System32\powrprof.dll
0x00007ffcf35d0000 - 0x00007ffcf35e0000 	C:\WINDOWS\System32\UMPDC.dll
0x00007ffcf4790000 - 0x00007ffcf47a7000 	C:\WINDOWS\System32\cryptsp.dll
0x00007ffcf34f0000 - 0x00007ffcf3515000 	C:\WINDOWS\SYSTEM32\USERENV.dll
0x00007ffcdaf50000 - 0x00007ffcdaf6b000 	C:\WINDOWS\SYSTEM32\MPR.dll
0x00007ffcf34c0000 - 0x00007ffcf34ef000 	C:\WINDOWS\SYSTEM32\SspiCli.dll
0x00007ffcf65c0000 - 0x00007ffcf65ee000 	C:\WINDOWS\System32\IMM32.DLL
0x00007ffce1570000 - 0x00007ffce17f5000 	C:\WINDOWS\WinSxS\amd64_microsoft.windows.common-controls_6595b64144ccf1df_6.0.18362.657_none_e6c5b579130e3898\COMCTL32.dll
0x00000000522e0000 - 0x00000000523b2000 	D:\ProgramFiles\Java\jdk1.8.0_141\jre\bin\msvcr100.dll
0x0000000051a40000 - 0x00000000522dd000 	D:\ProgramFiles\Java\jdk1.8.0_141\jre\bin\server\jvm.dll
0x00007ffcf66b0000 - 0x00007ffcf66b8000 	C:\WINDOWS\System32\PSAPI.DLL
0x00007ffce2330000 - 0x00007ffce2339000 	C:\WINDOWS\SYSTEM32\WSOCK32.dll
0x00007ffcf0a50000 - 0x00007ffcf0a74000 	C:\WINDOWS\SYSTEM32\WINMM.dll
0x00007ffcedfb0000 - 0x00007ffcedfba000 	C:\WINDOWS\SYSTEM32\VERSION.dll
0x00007ffcf55e0000 - 0x00007ffcf564f000 	C:\WINDOWS\System32\WS2_32.dll
0x00007ffcf0a20000 - 0x00007ffcf0a4d000 	C:\WINDOWS\SYSTEM32\WINMMBASE.dll
0x0000000053a00000 - 0x0000000053a0f000 	D:\ProgramFiles\Java\jdk1.8.0_141\jre\bin\verify.dll
0x00000000539d0000 - 0x00000000539f9000 	D:\ProgramFiles\Java\jdk1.8.0_141\jre\bin\java.dll
0x0000000051a10000 - 0x0000000051a33000 	D:\ProgramFiles\Java\jdk1.8.0_141\jre\bin\instrument.dll
0x00000000539b0000 - 0x00000000539c6000 	D:\ProgramFiles\Java\jdk1.8.0_141\jre\bin\zip.dll
0x00007ffcea170000 - 0x00007ffcea18a000 	D:\ProgramFiles\IntelliJ IDEA 2017.2.5\bin\breakgen64.dll
0x0000000053990000 - 0x00000000539aa000 	D:\ProgramFiles\Java\jdk1.8.0_141\jre\bin\net.dll
0x00007ffcf2e40000 - 0x00007ffcf2ea7000 	C:\WINDOWS\system32\mswsock.dll
0x0000000051a00000 - 0x0000000051a0d000 	D:\ProgramFiles\Java\jdk1.8.0_141\jre\bin\management.dll
0x00000000519f0000 - 0x00000000519f9000 	D:\ProgramFiles\Java\jdk1.8.0_141\jre\bin\w2k_lsa_auth.dll
0x00007ffce2d50000 - 0x00007ffce2d5c000 	C:\WINDOWS\SYSTEM32\Secur32.dll
0x00007ffcf0a90000 - 0x00007ffcf0aac000 	D:\ProgramFiles\hadoop-2.7.2\bin\hadoop.dll
0x00007ffcf2780000 - 0x00007ffcf27ca000 	C:\WINDOWS\SYSTEM32\AUTHZ.dll
0x00007ffce2aa0000 - 0x00007ffce2ab7000 	C:\WINDOWS\SYSTEM32\NETAPI32.dll
0x00007ffcf2c60000 - 0x00007ffcf2c6c000 	C:\WINDOWS\SYSTEM32\NETUTILS.DLL
0x00007ffced930000 - 0x00007ffced948000 	C:\WINDOWS\SYSTEM32\SAMCLI.DLL
0x0000000051050000 - 0x0000000051059000 	D:\ProgramFiles\Java\jdk1.8.0_141\jre\bin\jaas_nt.dll
0x00007ffce1330000 - 0x00007ffce1346000 	C:\WINDOWS\system32\napinsp.dll
0x00007ffce12f0000 - 0x00007ffce130a000 	C:\WINDOWS\system32\pnrpnsp.dll
0x00007ffcf2b90000 - 0x00007ffcf2c5a000 	C:\WINDOWS\SYSTEM32\DNSAPI.dll
0x00007ffcf5530000 - 0x00007ffcf5538000 	C:\WINDOWS\System32\NSI.dll
0x00007ffce12e0000 - 0x00007ffce12ee000 	C:\WINDOWS\System32\winrnr.dll
0x00007ffcf0bf0000 - 0x00007ffcf0c0c000 	C:\WINDOWS\system32\NLAapi.dll
0x00007ffce11d0000 - 0x00007ffce11e5000 	C:\WINDOWS\system32\wshbth.dll
0x0000000053b30000 - 0x0000000053b56000 	C:\Program Files\Bonjour\mdnsNSP.dll
0x00007ffcea2b0000 - 0x00007ffcea2ba000 	C:\Windows\System32\rasadhlp.dll
0x00007ffcebfd0000 - 0x00007ffcec047000 	C:\WINDOWS\System32\fwpuclnt.dll
0x0000000051780000 - 0x0000000051791000 	D:\ProgramFiles\Java\jdk1.8.0_141\jre\bin\nio.dll
0x00007ffcf29b0000 - 0x00007ffcf29e3000 	C:\WINDOWS\system32\rsaenh.dll
0x00007ffcf3010000 - 0x00007ffcf301c000 	C:\WINDOWS\SYSTEM32\CRYPTBASE.dll
0x00007ffcecf90000 - 0x00007ffcecfa6000 	C:\WINDOWS\SYSTEM32\dhcpcsvc6.DLL
0x00007ffcecf40000 - 0x00007ffcecf5c000 	C:\WINDOWS\SYSTEM32\dhcpcsvc.DLL
0x0000000066f40000 - 0x0000000066f6d000 	C:\Users\ASUS\AppData\Local\Temp\liblz4-java7505018285087874915.so

VM Arguments:
jvm_args: -javaagent:D:\ProgramFiles\IntelliJ IDEA 2017.2.5\lib\idea_rt.jar=54907:D:\ProgramFiles\IntelliJ IDEA 2017.2.5\bin -Dfile.encoding=UTF-8 
java_command: com.item.app.DAUApp
java_class_path (initial): D:\ProgramFiles\Java\jdk1.8.0_141\jre\lib\charsets.jar;D:\ProgramFiles\Java\jdk1.8.0_141\jre\lib\deploy.jar;D:\ProgramFiles\Java\jdk1.8.0_141\jre\lib\ext\access-bridge-64.jar;D:\ProgramFiles\Java\jdk1.8.0_141\jre\lib\ext\cldrdata.jar;D:\ProgramFiles\Java\jdk1.8.0_141\jre\lib\ext\dnsns.jar;D:\ProgramFiles\Java\jdk1.8.0_141\jre\lib\ext\jaccess.jar;D:\ProgramFiles\Java\jdk1.8.0_141\jre\lib\ext\jfxrt.jar;D:\ProgramFiles\Java\jdk1.8.0_141\jre\lib\ext\localedata.jar;D:\ProgramFiles\Java\jdk1.8.0_141\jre\lib\ext\nashorn.jar;D:\ProgramFiles\Java\jdk1.8.0_141\jre\lib\ext\sunec.jar;D:\ProgramFiles\Java\jdk1.8.0_141\jre\lib\ext\sunjce_provider.jar;D:\ProgramFiles\Java\jdk1.8.0_141\jre\lib\ext\sunmscapi.jar;D:\ProgramFiles\Java\jdk1.8.0_141\jre\lib\ext\sunpkcs11.jar;D:\ProgramFiles\Java\jdk1.8.0_141\jre\lib\ext\zipfs.jar;D:\ProgramFiles\Java\jdk1.8.0_141\jre\lib\javaws.jar;D:\ProgramFiles\Java\jdk1.8.0_141\jre\lib\jce.jar;D:\ProgramFiles\Java\jdk1.8.0_141\jre\lib\jfr.jar;D:\ProgramFiles\Java\jdk1.8.0_141\jre\lib\jfxswt.jar;D:\ProgramFiles\Java\jdk1.8.0_141\jre\lib\jsse.jar;D:\ProgramFiles\Java\jdk1.8.0_141\jre\lib\management-agent.jar;D:\ProgramFiles\Java\jdk1.8.0_141\jre\lib\plugin.jar;D:\ProgramFiles\Java\jdk1.8.0_141\jre\lib\resources.jar;D:\ProgramFiles\Java\jdk1.8.0_141\jre\lib\rt.jar;F:\16_尚硅谷大数据项目之实时分析系统\gmall\gmall-realtime\target\classes;E:\repoMaven\org\apache\phoenix\phoenix-spark\4.14.2-HBase-1.3\phoenix-spark-4.14.2-HBase-1.3.jar;E:\repoMaven\org\apache\phoenix\phoenix-core\4.14.2-HBase-1.3\phoenix-core-4.14.2-HBase-1.3.jar;E:\repoMaven\org\apache\tephra\tephra-api\0.14.0-incubating\tephra-api-0.14.0-incubating.jar;E:\repoMaven\org\apache\tephra\tephra-core\0.14.0-incubating\tephra-core-0.14.0-incubating.jar;E:\repoMaven\com\google\inject\guice\3.0\guice-3.0.jar;E:\repoMaven\javax\inject\javax.inject\1\javax.inject-1.jar;E:\repoMaven\aopalliance\aopalliance\1.0\aopalliance-1.0.jar;E:\repoMaven\com\google\inject\extensions
Launcher Type: SUN_STANDARD

Environment Variables:
JAVA_HOME=D:\ProgramFiles\Java\jdk1.8.0_141
CLASSPATH=.;D:\ProgramFiles\Java\jdk1.8.0_141\lib\dt.jar;D:\ProgramFiles\Java\jdk1.8.0_141\lib\tools.jar;
PATH=D:\ProgramFiles\scala-2.11.8\bin;D:\ProgramFiles\Java\jdk1.8.0_141\jre\bin;D:\ProgramFiles\Java\jdk1.8.0_141\bin;D:\ProgramFiles\MySQL\MySQL Server 5.5\bin;D:\ProgramFiles\apache-maven-3.5.4\bin;D:\ProgramFiles\hadoop-2.7.2\bin;D:\ProgramFiles\hadoop-2.7.2\sbin;C:\Windows\system32;C:\Windows;C:\Windows\System32\Wbem;C:\Windows\System32\WindowsPowerShell\v1.0\;C:\WINDOWS\system32;C:\WINDOWS;C:\WINDOWS\System32\Wbem;C:\WINDOWS\System32\WindowsPowerShell\v1.0\;C:\WINDOWS\System32\OpenSSH\;C:\Users\ASUS\AppData\Local\Microsoft\WindowsApps;C:\Users\ASUS\AppData\Local\BypassRuntm
USERNAME=ASUS
OS=Windows_NT
PROCESSOR_IDENTIFIER=Intel64 Family 6 Model 142 Stepping 9, GenuineIntel



---------------  S Y S T E M  ---------------

OS: Windows 10.0 , 64 bit Build 18362 (10.0.18362.329)

CPU:total 4 (initial active 4) (2 cores per cpu, 2 threads per core) family 6 model 142 stepping 9, cmov, cx8, fxsr, mmx, sse, sse2, sse3, ssse3, sse4.1, sse4.2, popcnt, avx, avx2, aes, clmul, erms, 3dnowpref, lzcnt, ht, tsc, tscinvbit, bmi1, bmi2, adx

Memory: 4k page, physical 16656032k(230720k free), swap 20850336k(5144k free)

vm_info: Java HotSpot(TM) 64-Bit Server VM (25.141-b15) for windows-amd64 JRE (1.8.0_141-b15), built on Jul 12 2017 04:25:12 by "java_re" with MS VC++ 10.0 (VS2010)

time: Thu Feb 20 15:42:25 2020
elapsed time: 36 seconds (0d 0h 0m 36s)

